<?xml version="1.0" encoding="UTF-8"?>
<testsuite name="client.BoardTest" tests="7" skipped="0" failures="0" errors="0" timestamp="2021-03-21T20:23:37" hostname="Markus-MacBook-Pro-15.fritz.box" time="0.031">
  <properties/>
  <testcase name="testGetPiece()" classname="client.BoardTest" time="0.017"/>
  <testcase name="testInversion()" classname="client.BoardTest" time="0.003"/>
  <testcase name="testWidth()" classname="client.BoardTest" time="0.001"/>
  <testcase name="testToString()" classname="client.BoardTest" time="0.002"/>
  <testcase name="testGetTransition()" classname="client.BoardTest" time="0.002"/>
  <testcase name="testChoice()" classname="client.BoardTest" time="0.002"/>
  <testcase name="testHeight()" classname="client.BoardTest" time="0.002"/>
  <system-out><![CDATA[]]></system-out>
  <system-err><![CDATA[]]></system-err>
</testsuite>
